<?xml version="1.0" encoding="UTF-8"?>
<!-- Generated by org.testng.reporters.JUnitXMLReporter -->
<testsuite hostname="LAPTOP-Q8UFPO8Q" name="SyscoTest" tests="35" failures="0" timestamp="10 Nov 2019 09:52:02 GMT" time="1638.984" errors="0">
  <testcase name="Export_Mail_OG" time="8.082" classname="com.util.framework.online.TestSyscoExecutor"/>
  <testcase name="Export_Mail_OG" time="8.018" classname="com.util.framework.online.TestSyscoExecutor"/>
  <testcase name="Export_Mail_OG" time="7.539" classname="com.util.framework.online.TestSyscoExecutor"/>
  <testcase name="Export_Mail_OG" time="7.116" classname="com.util.framework.online.TestSyscoExecutor"/>
  <testcase name="Export_Mail_OG" time="6.896" classname="com.util.framework.online.TestSyscoExecutor"/>
  <testcase name="Export_Mail_OG" time="7.225" classname="com.util.framework.online.TestSyscoExecutor"/>
  <testcase name="Export_Mail_OG" time="7.676" classname="com.util.framework.online.TestSyscoExecutor"/>
  <testcase name="Export_Mail_OG" time="7.312" classname="com.util.framework.online.TestSyscoExecutor"/>
  <testcase name="Export_Mail_OG" time="7.747" classname="com.util.framework.online.TestSyscoExecutor"/>
  <testcase name="Export_Mail_OG" time="8.809" classname="com.util.framework.online.TestSyscoExecutor"/>
  <testcase name="Export_Mail_OG" time="6.81" classname="com.util.framework.online.TestSyscoExecutor"/>
  <testcase name="Export_Mail_OG" time="6.831" classname="com.util.framework.online.TestSyscoExecutor"/>
  <testcase name="Export_Mail_OG" time="6.937" classname="com.util.framework.online.TestSyscoExecutor"/>
  <testcase name="Export_Mail_OG" time="7.338" classname="com.util.framework.online.TestSyscoExecutor"/>
  <testcase name="Export_Mail_OG" time="7.009" classname="com.util.framework.online.TestSyscoExecutor"/>
  <testcase name="Export_Mail_OG" time="7.212" classname="com.util.framework.online.TestSyscoExecutor"/>
  <testcase name="Export_Mail_OG" time="7.536" classname="com.util.framework.online.TestSyscoExecutor"/>
  <testcase name="Export_Mail_OG" time="7.654" classname="com.util.framework.online.TestSyscoExecutor"/>
  <testcase name="Export_Mail_OG" time="7.795" classname="com.util.framework.online.TestSyscoExecutor"/>
  <testcase name="Export_Mail_OG" time="8.38" classname="com.util.framework.online.TestSyscoExecutor"/>
  <testcase name="Export_Mail_OG" time="7.457" classname="com.util.framework.online.TestSyscoExecutor"/>
  <testcase name="Export_Mail_OG" time="7.842" classname="com.util.framework.online.TestSyscoExecutor"/>
  <testcase name="Export_Mail_OG" time="7.193" classname="com.util.framework.online.TestSyscoExecutor"/>
  <testcase name="Export_Mail_OG" time="7.132" classname="com.util.framework.online.TestSyscoExecutor"/>
  <testcase name="Export_Mail_OG" time="8.108" classname="com.util.framework.online.TestSyscoExecutor"/>
  <testcase name="Export_Mail_OG" time="8.059" classname="com.util.framework.online.TestSyscoExecutor"/>
  <testcase name="Export_Mail_OG" time="8.512" classname="com.util.framework.online.TestSyscoExecutor"/>
  <testcase name="Export_Mail_OG" time="7.747" classname="com.util.framework.online.TestSyscoExecutor"/>
  <testcase name="Export_Mail_OG" time="7.593" classname="com.util.framework.online.TestSyscoExecutor"/>
  <testcase name="Export_Mail_OG" time="9.102" classname="com.util.framework.online.TestSyscoExecutor"/>
  <testcase name="Export_Mail_OG" time="8.307" classname="com.util.framework.online.TestSyscoExecutor"/>
  <testcase name="Export_Mail_OG" time="8.25" classname="com.util.framework.online.TestSyscoExecutor"/>
  <testcase name="Export_Mail_OG" time="7.619" classname="com.util.framework.online.TestSyscoExecutor"/>
  <testcase name="Export_Mail_OG" time="8.557" classname="com.util.framework.online.TestSyscoExecutor"/>
  <testcase name="Export_Mail_OG" time="990.241" classname="com.util.framework.online.TestSyscoExecutor"/>
</testsuite> <!-- SyscoTest -->
