<?xml version="1.0" encoding="UTF-8"?>
<testng-results skipped="0" failed="0" total="35" passed="35">
  <reporter-output>
  </reporter-output>
  <suite name="masterSyscoSuite" duration-ms="1638984" started-at="2019-11-10T09:24:43Z" finished-at="2019-11-10T09:52:02Z">
    <groups>
    </groups>
    <test name="SyscoTest" duration-ms="1638984" started-at="2019-11-10T09:24:43Z" finished-at="2019-11-10T09:52:02Z">
      <class name="com.util.framework.online.TestSyscoExecutor">
        <test-method status="PASS" signature="set()[pri:0, instance:com.util.framework.online.TestSyscoExecutor@100fc185]" name="set" is-config="true" duration-ms="301" started-at="2019-11-10T14:54:43Z" finished-at="2019-11-10T14:54:43Z">
          <reporter-output>
          </reporter-output>
        </test-method> <!-- set -->
        <test-method status="PASS" signature="beforeData()[pri:0, instance:com.util.framework.online.TestSyscoExecutor@100fc185]" name="beforeData" is-config="true" duration-ms="859" started-at="2019-11-10T14:54:43Z" finished-at="2019-11-10T14:54:44Z">
          <reporter-output>
          </reporter-output>
        </test-method> <!-- beforeData -->
        <test-method status="PASS" signature="setUp()[pri:0, instance:com.util.framework.online.TestSyscoExecutor@100fc185]" name="setUp" is-config="true" duration-ms="10856" started-at="2019-11-10T14:54:44Z" finished-at="2019-11-10T14:54:55Z">
          <reporter-output>
          </reporter-output>
        </test-method> <!-- setUp -->
        <test-method status="PASS" signature="Export_Mail_OG(java.lang.String, java.lang.String, java.lang.String, java.lang.String, java.lang.String, java.lang.String, java.lang.String, java.lang.String, java.lang.String, java.lang.String)[pri:0, instance:com.util.framework.online.TestSyscoExecutor@100fc185]" name="Export_Mail_OG" duration-ms="8082" started-at="2019-11-10T14:54:55Z" data-provider="testData" finished-at="2019-11-10T14:55:03Z">
          <params>
            <param index="0">
              <value>
                <![CDATA[Yes]]>
              </value>
            </param>
            <param index="1">
              <value>
                <![CDATA[BigPink_Sysco]]>
              </value>
            </param>
            <param index="2">
              <value>
                <![CDATA[SYSCO - Offline GP]]>
              </value>
            </param>
            <param index="3">
              <value>
                <![CDATA[Big Pink ]]>
              </value>
            </param>
            <param index="4">
              <value>
                <![CDATA[Angelmarinov]]>
              </value>
            </param>
            <param index="5">
              <value>
                <![CDATA[angel1980]]>
              </value>
            </param>
            <param index="6">
              <value>
                <![CDATA[1757724]]>
              </value>
            </param>
            <param index="7">
              <value>
                <![CDATA[340547]]>
              </value>
            </param>
            <param index="8">
              <value>
                <![CDATA[Failed]]>
              </value>
            </param>
            <param index="9">
              <value>
                <![CDATA[Some technical issue ocurred during export]]>
              </value>
            </param>
          </params>
          <reporter-output>
          </reporter-output>
        </test-method> <!-- Export_Mail_OG -->
        <test-method status="PASS" signature="writeExcel()[pri:0, instance:com.util.framework.online.TestSyscoExecutor@100fc185]" name="writeExcel" is-config="true" duration-ms="4497" started-at="2019-11-10T14:55:03Z" finished-at="2019-11-10T14:55:07Z">
          <reporter-output>
          </reporter-output>
        </test-method> <!-- writeExcel -->
        <test-method status="PASS" signature="setUp()[pri:0, instance:com.util.framework.online.TestSyscoExecutor@100fc185]" name="setUp" is-config="true" duration-ms="9856" started-at="2019-11-10T14:55:07Z" finished-at="2019-11-10T14:55:17Z">
          <reporter-output>
          </reporter-output>
        </test-method> <!-- setUp -->
        <test-method status="PASS" signature="Export_Mail_OG(java.lang.String, java.lang.String, java.lang.String, java.lang.String, java.lang.String, java.lang.String, java.lang.String, java.lang.String, java.lang.String, java.lang.String)[pri:0, instance:com.util.framework.online.TestSyscoExecutor@100fc185]" name="Export_Mail_OG" duration-ms="8018" started-at="2019-11-10T14:55:17Z" data-provider="testData" finished-at="2019-11-10T14:55:25Z">
          <params>
            <param index="0">
              <value>
                <![CDATA[Yes]]>
              </value>
            </param>
            <param index="1">
              <value>
                <![CDATA[BonAppetit_Sysco]]>
              </value>
            </param>
            <param index="2">
              <value>
                <![CDATA[eSysco]]>
              </value>
            </param>
            <param index="3">
              <value>
                <![CDATA[Bon Appetit Group - Bon Appetit]]>
              </value>
            </param>
            <param index="4">
              <value>
                <![CDATA[BonAppetit]]>
              </value>
            </param>
            <param index="5">
              <value>
                <![CDATA[password1]]>
              </value>
            </param>
            <param index="6">
              <value>
                <![CDATA[2028377]]>
              </value>
            </param>
            <param index="7">
              <value is-null="true"/>
            </param>
            <param index="8">
              <value>
                <![CDATA[Failed]]>
              </value>
            </param>
            <param index="9">
              <value>
                <![CDATA[Some technical issue ocurred during export]]>
              </value>
            </param>
          </params>
          <reporter-output>
          </reporter-output>
        </test-method> <!-- Export_Mail_OG -->
        <test-method status="PASS" signature="writeExcel()[pri:0, instance:com.util.framework.online.TestSyscoExecutor@100fc185]" name="writeExcel" is-config="true" duration-ms="1449" started-at="2019-11-10T14:55:25Z" finished-at="2019-11-10T14:55:27Z">
          <reporter-output>
          </reporter-output>
        </test-method> <!-- writeExcel -->
        <test-method status="PASS" signature="setUp()[pri:0, instance:com.util.framework.online.TestSyscoExecutor@100fc185]" name="setUp" is-config="true" duration-ms="9898" started-at="2019-11-10T14:55:27Z" finished-at="2019-11-10T14:55:36Z">
          <reporter-output>
          </reporter-output>
        </test-method> <!-- setUp -->
        <test-method status="PASS" signature="Export_Mail_OG(java.lang.String, java.lang.String, java.lang.String, java.lang.String, java.lang.String, java.lang.String, java.lang.String, java.lang.String, java.lang.String, java.lang.String)[pri:0, instance:com.util.framework.online.TestSyscoExecutor@100fc185]" name="Export_Mail_OG" duration-ms="7539" started-at="2019-11-10T14:55:36Z" data-provider="testData" finished-at="2019-11-10T14:55:44Z">
          <params>
            <param index="0">
              <value>
                <![CDATA[Yes]]>
              </value>
            </param>
            <param index="1">
              <value>
                <![CDATA[BonefishCoralSpring_Sysco]]>
              </value>
            </param>
            <param index="2">
              <value>
                <![CDATA[SYSCO - Offline GP - 1]]>
              </value>
            </param>
            <param index="3">
              <value>
                <![CDATA[Bonefish Macs]]>
              </value>
            </param>
            <param index="4">
              <value>
                <![CDATA[032480582]]>
              </value>
            </param>
            <param index="5">
              <value>
                <![CDATA[password3]]>
              </value>
            </param>
            <param index="6">
              <value>
                <![CDATA[3010352]]>
              </value>
            </param>
            <param index="7">
              <value>
                <![CDATA[576462]]>
              </value>
            </param>
            <param index="8">
              <value>
                <![CDATA[Failed]]>
              </value>
            </param>
            <param index="9">
              <value>
                <![CDATA[Some technical issue ocurred during export]]>
              </value>
            </param>
          </params>
          <reporter-output>
          </reporter-output>
        </test-method> <!-- Export_Mail_OG -->
        <test-method status="PASS" signature="writeExcel()[pri:0, instance:com.util.framework.online.TestSyscoExecutor@100fc185]" name="writeExcel" is-config="true" duration-ms="1073" started-at="2019-11-10T14:55:44Z" finished-at="2019-11-10T14:55:45Z">
          <reporter-output>
          </reporter-output>
        </test-method> <!-- writeExcel -->
        <test-method status="PASS" signature="setUp()[pri:0, instance:com.util.framework.online.TestSyscoExecutor@100fc185]" name="setUp" is-config="true" duration-ms="9855" started-at="2019-11-10T14:55:45Z" finished-at="2019-11-10T14:55:55Z">
          <reporter-output>
          </reporter-output>
        </test-method> <!-- setUp -->
        <test-method status="PASS" signature="Export_Mail_OG(java.lang.String, java.lang.String, java.lang.String, java.lang.String, java.lang.String, java.lang.String, java.lang.String, java.lang.String, java.lang.String, java.lang.String)[pri:0, instance:com.util.framework.online.TestSyscoExecutor@100fc185]" name="Export_Mail_OG" duration-ms="7116" started-at="2019-11-10T14:55:55Z" data-provider="testData" finished-at="2019-11-10T14:56:02Z">
          <params>
            <param index="0">
              <value>
                <![CDATA[Yes]]>
              </value>
            </param>
            <param index="1">
              <value>
                <![CDATA[BurtMax_Sysco]]>
              </value>
            </param>
            <param index="2">
              <value>
                <![CDATA[SYSCO - Offline GP]]>
              </value>
            </param>
            <param index="3">
              <value>
                <![CDATA[Burt & Max's Grille]]>
              </value>
            </param>
            <param index="4">
              <value>
                <![CDATA[032524090]]>
              </value>
            </param>
            <param index="5">
              <value>
                <![CDATA[Burtgrill1]]>
              </value>
            </param>
            <param index="6">
              <value>
                <![CDATA[2625784]]>
              </value>
            </param>
            <param index="7">
              <value is-null="true"/>
            </param>
            <param index="8">
              <value>
                <![CDATA[Failed]]>
              </value>
            </param>
            <param index="9">
              <value>
                <![CDATA[Some technical issue ocurred during export]]>
              </value>
            </param>
          </params>
          <reporter-output>
          </reporter-output>
        </test-method> <!-- Export_Mail_OG -->
        <test-method status="PASS" signature="writeExcel()[pri:0, instance:com.util.framework.online.TestSyscoExecutor@100fc185]" name="writeExcel" is-config="true" duration-ms="1487" started-at="2019-11-10T14:56:02Z" finished-at="2019-11-10T14:56:04Z">
          <reporter-output>
          </reporter-output>
        </test-method> <!-- writeExcel -->
        <test-method status="PASS" signature="setUp()[pri:0, instance:com.util.framework.online.TestSyscoExecutor@100fc185]" name="setUp" is-config="true" duration-ms="9851" started-at="2019-11-10T14:56:04Z" finished-at="2019-11-10T14:56:13Z">
          <reporter-output>
          </reporter-output>
        </test-method> <!-- setUp -->
        <test-method status="PASS" signature="Export_Mail_OG(java.lang.String, java.lang.String, java.lang.String, java.lang.String, java.lang.String, java.lang.String, java.lang.String, java.lang.String, java.lang.String, java.lang.String)[pri:0, instance:com.util.framework.online.TestSyscoExecutor@100fc185]" name="Export_Mail_OG" duration-ms="6896" started-at="2019-11-10T14:56:13Z" data-provider="testData" finished-at="2019-11-10T14:56:20Z">
          <params>
            <param index="0">
              <value>
                <![CDATA[Yes]]>
              </value>
            </param>
            <param index="1">
              <value>
                <![CDATA[CafeAlfresco_Sysco]]>
              </value>
            </param>
            <param index="2">
              <value>
                <![CDATA[eSysco]]>
              </value>
            </param>
            <param index="3">
              <value>
                <![CDATA[Bon Appetit Group - Cafe Alfresco]]>
              </value>
            </param>
            <param index="4">
              <value>
                <![CDATA[CafeAlfresco]]>
              </value>
            </param>
            <param index="5">
              <value>
                <![CDATA[password1]]>
              </value>
            </param>
            <param index="6">
              <value>
                <![CDATA[2667276]]>
              </value>
            </param>
            <param index="7">
              <value is-null="true"/>
            </param>
            <param index="8">
              <value>
                <![CDATA[Failed]]>
              </value>
            </param>
            <param index="9">
              <value>
                <![CDATA[Some technical issue ocurred during export]]>
              </value>
            </param>
          </params>
          <reporter-output>
          </reporter-output>
        </test-method> <!-- Export_Mail_OG -->
        <test-method status="PASS" signature="writeExcel()[pri:0, instance:com.util.framework.online.TestSyscoExecutor@100fc185]" name="writeExcel" is-config="true" duration-ms="941" started-at="2019-11-10T14:56:20Z" finished-at="2019-11-10T14:56:21Z">
          <reporter-output>
          </reporter-output>
        </test-method> <!-- writeExcel -->
        <test-method status="PASS" signature="setUp()[pri:0, instance:com.util.framework.online.TestSyscoExecutor@100fc185]" name="setUp" is-config="true" duration-ms="9832" started-at="2019-11-10T14:56:21Z" finished-at="2019-11-10T14:56:31Z">
          <reporter-output>
          </reporter-output>
        </test-method> <!-- setUp -->
        <test-method status="PASS" signature="Export_Mail_OG(java.lang.String, java.lang.String, java.lang.String, java.lang.String, java.lang.String, java.lang.String, java.lang.String, java.lang.String, java.lang.String, java.lang.String)[pri:0, instance:com.util.framework.online.TestSyscoExecutor@100fc185]" name="Export_Mail_OG" duration-ms="7225" started-at="2019-11-10T14:56:31Z" data-provider="testData" finished-at="2019-11-10T14:56:38Z">
          <params>
            <param index="0">
              <value>
                <![CDATA[Yes]]>
              </value>
            </param>
            <param index="1">
              <value>
                <![CDATA[ChefDavid_Sysco]]>
              </value>
            </param>
            <param index="2">
              <value>
                <![CDATA[SYSCO - Offline GP - 1]]>
              </value>
            </param>
            <param index="3">
              <value>
                <![CDATA[Chef David Cuisine]]>
              </value>
            </param>
            <param index="4">
              <value>
                <![CDATA[016778134]]>
              </value>
            </param>
            <param index="5">
              <value>
                <![CDATA[acdc5881]]>
              </value>
            </param>
            <param index="6">
              <value>
                <![CDATA[3312191]]>
              </value>
            </param>
            <param index="7">
              <value is-null="true"/>
            </param>
            <param index="8">
              <value>
                <![CDATA[Failed]]>
              </value>
            </param>
            <param index="9">
              <value>
                <![CDATA[Some technical issue ocurred during export]]>
              </value>
            </param>
          </params>
          <reporter-output>
          </reporter-output>
        </test-method> <!-- Export_Mail_OG -->
        <test-method status="PASS" signature="writeExcel()[pri:0, instance:com.util.framework.online.TestSyscoExecutor@100fc185]" name="writeExcel" is-config="true" duration-ms="964" started-at="2019-11-10T14:56:38Z" finished-at="2019-11-10T14:56:39Z">
          <reporter-output>
          </reporter-output>
        </test-method> <!-- writeExcel -->
        <test-method status="PASS" signature="setUp()[pri:0, instance:com.util.framework.online.TestSyscoExecutor@100fc185]" name="setUp" is-config="true" duration-ms="9886" started-at="2019-11-10T14:56:39Z" finished-at="2019-11-10T14:56:49Z">
          <reporter-output>
          </reporter-output>
        </test-method> <!-- setUp -->
        <test-method status="PASS" signature="Export_Mail_OG(java.lang.String, java.lang.String, java.lang.String, java.lang.String, java.lang.String, java.lang.String, java.lang.String, java.lang.String, java.lang.String, java.lang.String)[pri:0, instance:com.util.framework.online.TestSyscoExecutor@100fc185]" name="Export_Mail_OG" duration-ms="7676" started-at="2019-11-10T14:56:49Z" data-provider="testData" finished-at="2019-11-10T14:56:57Z">
          <params>
            <param index="0">
              <value>
                <![CDATA[Yes]]>
              </value>
            </param>
            <param index="1">
              <value>
                <![CDATA[ChimaCorpFLL_SyscoFresh]]>
              </value>
            </param>
            <param index="2">
              <value>
                <![CDATA[SYSCO FRESH]]>
              </value>
            </param>
            <param index="3">
              <value>
                <![CDATA[Chima-Corporate]]>
              </value>
            </param>
            <param index="4">
              <value>
                <![CDATA[016935148]]>
              </value>
            </param>
            <param index="5">
              <value>
                <![CDATA[chima123]]>
              </value>
            </param>
            <param index="6">
              <value>
                <![CDATA[2964067]]>
              </value>
            </param>
            <param index="7">
              <value is-null="true"/>
            </param>
            <param index="8">
              <value>
                <![CDATA[Failed]]>
              </value>
            </param>
            <param index="9">
              <value>
                <![CDATA[Some technical issue ocurred during export]]>
              </value>
            </param>
          </params>
          <reporter-output>
          </reporter-output>
        </test-method> <!-- Export_Mail_OG -->
        <test-method status="PASS" signature="writeExcel()[pri:0, instance:com.util.framework.online.TestSyscoExecutor@100fc185]" name="writeExcel" is-config="true" duration-ms="1036" started-at="2019-11-10T14:56:57Z" finished-at="2019-11-10T14:56:58Z">
          <reporter-output>
          </reporter-output>
        </test-method> <!-- writeExcel -->
        <test-method status="PASS" signature="setUp()[pri:0, instance:com.util.framework.online.TestSyscoExecutor@100fc185]" name="setUp" is-config="true" duration-ms="9813" started-at="2019-11-10T14:56:58Z" finished-at="2019-11-10T14:57:08Z">
          <reporter-output>
          </reporter-output>
        </test-method> <!-- setUp -->
        <test-method status="PASS" signature="Export_Mail_OG(java.lang.String, java.lang.String, java.lang.String, java.lang.String, java.lang.String, java.lang.String, java.lang.String, java.lang.String, java.lang.String, java.lang.String)[pri:0, instance:com.util.framework.online.TestSyscoExecutor@100fc185]" name="Export_Mail_OG" duration-ms="7312" started-at="2019-11-10T14:57:08Z" data-provider="testData" finished-at="2019-11-10T14:57:15Z">
          <params>
            <param index="0">
              <value>
                <![CDATA[Yes]]>
              </value>
            </param>
            <param index="1">
              <value>
                <![CDATA[ChimaCorpCLT_Sysco]]>
              </value>
            </param>
            <param index="2">
              <value>
                <![CDATA[SYSCO - CLT]]>
              </value>
            </param>
            <param index="3">
              <value>
                <![CDATA[Chima-Corporate]]>
              </value>
            </param>
            <param index="4">
              <value>
                <![CDATA[048633453]]>
              </value>
            </param>
            <param index="5">
              <value>
                <![CDATA[ChimaCha99]]>
              </value>
            </param>
            <param index="6">
              <value>
                <![CDATA[3329851]]>
              </value>
            </param>
            <param index="7">
              <value is-null="true"/>
            </param>
            <param index="8">
              <value>
                <![CDATA[Failed]]>
              </value>
            </param>
            <param index="9">
              <value>
                <![CDATA[Some technical issue ocurred during export]]>
              </value>
            </param>
          </params>
          <reporter-output>
          </reporter-output>
        </test-method> <!-- Export_Mail_OG -->
        <test-method status="PASS" signature="writeExcel()[pri:0, instance:com.util.framework.online.TestSyscoExecutor@100fc185]" name="writeExcel" is-config="true" duration-ms="925" started-at="2019-11-10T14:57:15Z" finished-at="2019-11-10T14:57:16Z">
          <reporter-output>
          </reporter-output>
        </test-method> <!-- writeExcel -->
        <test-method status="PASS" signature="setUp()[pri:0, instance:com.util.framework.online.TestSyscoExecutor@100fc185]" name="setUp" is-config="true" duration-ms="9823" started-at="2019-11-10T14:57:16Z" finished-at="2019-11-10T14:57:26Z">
          <reporter-output>
          </reporter-output>
        </test-method> <!-- setUp -->
        <test-method status="PASS" signature="Export_Mail_OG(java.lang.String, java.lang.String, java.lang.String, java.lang.String, java.lang.String, java.lang.String, java.lang.String, java.lang.String, java.lang.String, java.lang.String)[pri:0, instance:com.util.framework.online.TestSyscoExecutor@100fc185]" name="Export_Mail_OG" duration-ms="7747" started-at="2019-11-10T14:57:26Z" data-provider="testData" finished-at="2019-11-10T14:57:33Z">
          <params>
            <param index="0">
              <value>
                <![CDATA[Yes]]>
              </value>
            </param>
            <param index="1">
              <value>
                <![CDATA[ChimaCorpFLL_Sysco]]>
              </value>
            </param>
            <param index="2">
              <value>
                <![CDATA[Sysco - FLL]]>
              </value>
            </param>
            <param index="3">
              <value>
                <![CDATA[Chima-Corporate]]>
              </value>
            </param>
            <param index="4">
              <value>
                <![CDATA[016645697]]>
              </value>
            </param>
            <param index="5">
              <value>
                <![CDATA[chima123]]>
              </value>
            </param>
            <param index="6">
              <value>
                <![CDATA[2964056]]>
              </value>
            </param>
            <param index="7">
              <value is-null="true"/>
            </param>
            <param index="8">
              <value>
                <![CDATA[Failed]]>
              </value>
            </param>
            <param index="9">
              <value>
                <![CDATA[Some technical issue ocurred during export]]>
              </value>
            </param>
          </params>
          <reporter-output>
          </reporter-output>
        </test-method> <!-- Export_Mail_OG -->
        <test-method status="PASS" signature="writeExcel()[pri:0, instance:com.util.framework.online.TestSyscoExecutor@100fc185]" name="writeExcel" is-config="true" duration-ms="912" started-at="2019-11-10T14:57:33Z" finished-at="2019-11-10T14:57:34Z">
          <reporter-output>
          </reporter-output>
        </test-method> <!-- writeExcel -->
        <test-method status="PASS" signature="setUp()[pri:0, instance:com.util.framework.online.TestSyscoExecutor@100fc185]" name="setUp" is-config="true" duration-ms="9870" started-at="2019-11-10T14:57:34Z" finished-at="2019-11-10T14:57:44Z">
          <reporter-output>
          </reporter-output>
        </test-method> <!-- setUp -->
        <test-method status="PASS" signature="Export_Mail_OG(java.lang.String, java.lang.String, java.lang.String, java.lang.String, java.lang.String, java.lang.String, java.lang.String, java.lang.String, java.lang.String, java.lang.String)[pri:0, instance:com.util.framework.online.TestSyscoExecutor@100fc185]" name="Export_Mail_OG" duration-ms="8809" started-at="2019-11-10T14:57:44Z" data-provider="testData" finished-at="2019-11-10T14:57:53Z">
          <params>
            <param index="0">
              <value>
                <![CDATA[Yes]]>
              </value>
            </param>
            <param index="1">
              <value>
                <![CDATA[ChimaCorpPHL_Sysco]]>
              </value>
            </param>
            <param index="2">
              <value>
                <![CDATA[SYSCO-PHL]]>
              </value>
            </param>
            <param index="3">
              <value>
                <![CDATA[Chima-Corporate]]>
              </value>
            </param>
            <param index="4">
              <value>
                <![CDATA[075475145]]>
              </value>
            </param>
            <param index="5">
              <value>
                <![CDATA[chimawdc1]]>
              </value>
            </param>
            <param index="6">
              <value>
                <![CDATA[2724947]]>
              </value>
            </param>
            <param index="7">
              <value is-null="true"/>
            </param>
            <param index="8">
              <value>
                <![CDATA[Failed]]>
              </value>
            </param>
            <param index="9">
              <value>
                <![CDATA[Some technical issue ocurred during export]]>
              </value>
            </param>
          </params>
          <reporter-output>
          </reporter-output>
        </test-method> <!-- Export_Mail_OG -->
        <test-method status="PASS" signature="writeExcel()[pri:0, instance:com.util.framework.online.TestSyscoExecutor@100fc185]" name="writeExcel" is-config="true" duration-ms="1022" started-at="2019-11-10T14:57:53Z" finished-at="2019-11-10T14:57:54Z">
          <reporter-output>
          </reporter-output>
        </test-method> <!-- writeExcel -->
        <test-method status="PASS" signature="setUp()[pri:0, instance:com.util.framework.online.TestSyscoExecutor@100fc185]" name="setUp" is-config="true" duration-ms="9914" started-at="2019-11-10T14:57:54Z" finished-at="2019-11-10T14:58:04Z">
          <reporter-output>
          </reporter-output>
        </test-method> <!-- setUp -->
        <test-method status="PASS" signature="Export_Mail_OG(java.lang.String, java.lang.String, java.lang.String, java.lang.String, java.lang.String, java.lang.String, java.lang.String, java.lang.String, java.lang.String, java.lang.String)[pri:0, instance:com.util.framework.online.TestSyscoExecutor@100fc185]" name="Export_Mail_OG" duration-ms="6810" started-at="2019-11-10T14:58:04Z" data-provider="testData" finished-at="2019-11-10T14:58:11Z">
          <params>
            <param index="0">
              <value>
                <![CDATA[Yes]]>
              </value>
            </param>
            <param index="1">
              <value>
                <![CDATA[Coola_Sysco]]>
              </value>
            </param>
            <param index="2">
              <value>
                <![CDATA[SYSCO - Offline GP - 1]]>
              </value>
            </param>
            <param index="3">
              <value>
                <![CDATA[Coola Fish Bar]]>
              </value>
            </param>
            <param index="4">
              <value>
                <![CDATA[032573790]]>
              </value>
            </param>
            <param index="5">
              <value>
                <![CDATA[Password11]]>
              </value>
            </param>
            <param index="6">
              <value>
                <![CDATA[2582767]]>
              </value>
            </param>
            <param index="7">
              <value is-null="true"/>
            </param>
            <param index="8">
              <value>
                <![CDATA[Failed]]>
              </value>
            </param>
            <param index="9">
              <value>
                <![CDATA[Some technical issue ocurred during export]]>
              </value>
            </param>
          </params>
          <reporter-output>
          </reporter-output>
        </test-method> <!-- Export_Mail_OG -->
        <test-method status="PASS" signature="writeExcel()[pri:0, instance:com.util.framework.online.TestSyscoExecutor@100fc185]" name="writeExcel" is-config="true" duration-ms="996" started-at="2019-11-10T14:58:11Z" finished-at="2019-11-10T14:58:12Z">
          <reporter-output>
          </reporter-output>
        </test-method> <!-- writeExcel -->
        <test-method status="PASS" signature="setUp()[pri:0, instance:com.util.framework.online.TestSyscoExecutor@100fc185]" name="setUp" is-config="true" duration-ms="9873" started-at="2019-11-10T14:58:12Z" finished-at="2019-11-10T14:58:22Z">
          <reporter-output>
          </reporter-output>
        </test-method> <!-- setUp -->
        <test-method status="PASS" signature="Export_Mail_OG(java.lang.String, java.lang.String, java.lang.String, java.lang.String, java.lang.String, java.lang.String, java.lang.String, java.lang.String, java.lang.String, java.lang.String)[pri:0, instance:com.util.framework.online.TestSyscoExecutor@100fc185]" name="Export_Mail_OG" duration-ms="6831" started-at="2019-11-10T14:58:22Z" data-provider="testData" finished-at="2019-11-10T14:58:29Z">
          <params>
            <param index="0">
              <value>
                <![CDATA[Yes]]>
              </value>
            </param>
            <param index="1">
              <value>
                <![CDATA[Copperhead_Sysco]]>
              </value>
            </param>
            <param index="2">
              <value>
                <![CDATA[eSysco]]>
              </value>
            </param>
            <param index="3">
              <value>
                <![CDATA[PEPAJ RESTAURANTS - Copperhead Tavern]]>
              </value>
            </param>
            <param index="4">
              <value>
                <![CDATA[032580738]]>
              </value>
            </param>
            <param index="5">
              <value>
                <![CDATA[pepaj249]]>
              </value>
            </param>
            <param index="6">
              <value>
                <![CDATA[962561]]>
              </value>
            </param>
            <param index="7">
              <value is-null="true"/>
            </param>
            <param index="8">
              <value>
                <![CDATA[Failed]]>
              </value>
            </param>
            <param index="9">
              <value>
                <![CDATA[Some technical issue ocurred during export]]>
              </value>
            </param>
          </params>
          <reporter-output>
          </reporter-output>
        </test-method> <!-- Export_Mail_OG -->
        <test-method status="PASS" signature="writeExcel()[pri:0, instance:com.util.framework.online.TestSyscoExecutor@100fc185]" name="writeExcel" is-config="true" duration-ms="1001" started-at="2019-11-10T14:58:29Z" finished-at="2019-11-10T14:58:30Z">
          <reporter-output>
          </reporter-output>
        </test-method> <!-- writeExcel -->
        <test-method status="PASS" signature="setUp()[pri:0, instance:com.util.framework.online.TestSyscoExecutor@100fc185]" name="setUp" is-config="true" duration-ms="9949" started-at="2019-11-10T14:58:30Z" finished-at="2019-11-10T14:58:39Z">
          <reporter-output>
          </reporter-output>
        </test-method> <!-- setUp -->
        <test-method status="PASS" signature="Export_Mail_OG(java.lang.String, java.lang.String, java.lang.String, java.lang.String, java.lang.String, java.lang.String, java.lang.String, java.lang.String, java.lang.String, java.lang.String)[pri:0, instance:com.util.framework.online.TestSyscoExecutor@100fc185]" name="Export_Mail_OG" duration-ms="6937" started-at="2019-11-10T14:58:39Z" data-provider="testData" finished-at="2019-11-10T14:58:46Z">
          <params>
            <param index="0">
              <value>
                <![CDATA[Yes]]>
              </value>
            </param>
            <param index="1">
              <value>
                <![CDATA[DeliLane_Sysco]]>
              </value>
            </param>
            <param index="2">
              <value>
                <![CDATA[SYSCO - Offline GP]]>
              </value>
            </param>
            <param index="3">
              <value>
                <![CDATA[Deli Lane Cafe]]>
              </value>
            </param>
            <param index="4">
              <value>
                <![CDATA[016383752]]>
              </value>
            </param>
            <param index="5">
              <value>
                <![CDATA[delilane1]]>
              </value>
            </param>
            <param index="6">
              <value>
                <![CDATA[3096251]]>
              </value>
            </param>
            <param index="7">
              <value is-null="true"/>
            </param>
            <param index="8">
              <value>
                <![CDATA[Failed]]>
              </value>
            </param>
            <param index="9">
              <value>
                <![CDATA[Some technical issue ocurred during export]]>
              </value>
            </param>
          </params>
          <reporter-output>
          </reporter-output>
        </test-method> <!-- Export_Mail_OG -->
        <test-method status="PASS" signature="writeExcel()[pri:0, instance:com.util.framework.online.TestSyscoExecutor@100fc185]" name="writeExcel" is-config="true" duration-ms="999" started-at="2019-11-10T14:58:46Z" finished-at="2019-11-10T14:58:47Z">
          <reporter-output>
          </reporter-output>
        </test-method> <!-- writeExcel -->
        <test-method status="PASS" signature="setUp()[pri:0, instance:com.util.framework.online.TestSyscoExecutor@100fc185]" name="setUp" is-config="true" duration-ms="9892" started-at="2019-11-10T14:58:47Z" finished-at="2019-11-10T14:58:57Z">
          <reporter-output>
          </reporter-output>
        </test-method> <!-- setUp -->
        <test-method status="PASS" signature="Export_Mail_OG(java.lang.String, java.lang.String, java.lang.String, java.lang.String, java.lang.String, java.lang.String, java.lang.String, java.lang.String, java.lang.String, java.lang.String)[pri:0, instance:com.util.framework.online.TestSyscoExecutor@100fc185]" name="Export_Mail_OG" duration-ms="7338" started-at="2019-11-10T14:58:57Z" data-provider="testData" finished-at="2019-11-10T14:59:05Z">
          <params>
            <param index="0">
              <value>
                <![CDATA[Yes]]>
              </value>
            </param>
            <param index="1">
              <value>
                <![CDATA[Gilberts_Sysco]]>
              </value>
            </param>
            <param index="2">
              <value>
                <![CDATA[SYSCO - Offline GP]]>
              </value>
            </param>
            <param index="3">
              <value>
                <![CDATA[Gilberts Resort]]>
              </value>
            </param>
            <param index="4">
              <value>
                <![CDATA[016894121]]>
              </value>
            </param>
            <param index="5">
              <value>
                <![CDATA[Gilberts3]]>
              </value>
            </param>
            <param index="6">
              <value>
                <![CDATA[775018]]>
              </value>
            </param>
            <param index="7">
              <value is-null="true"/>
            </param>
            <param index="8">
              <value>
                <![CDATA[Failed]]>
              </value>
            </param>
            <param index="9">
              <value>
                <![CDATA[Some technical issue ocurred during export]]>
              </value>
            </param>
          </params>
          <reporter-output>
          </reporter-output>
        </test-method> <!-- Export_Mail_OG -->
        <test-method status="PASS" signature="writeExcel()[pri:0, instance:com.util.framework.online.TestSyscoExecutor@100fc185]" name="writeExcel" is-config="true" duration-ms="995" started-at="2019-11-10T14:59:05Z" finished-at="2019-11-10T14:59:06Z">
          <reporter-output>
          </reporter-output>
        </test-method> <!-- writeExcel -->
        <test-method status="PASS" signature="setUp()[pri:0, instance:com.util.framework.online.TestSyscoExecutor@100fc185]" name="setUp" is-config="true" duration-ms="9884" started-at="2019-11-10T14:59:06Z" finished-at="2019-11-10T14:59:16Z">
          <reporter-output>
          </reporter-output>
        </test-method> <!-- setUp -->
        <test-method status="PASS" signature="Export_Mail_OG(java.lang.String, java.lang.String, java.lang.String, java.lang.String, java.lang.String, java.lang.String, java.lang.String, java.lang.String, java.lang.String, java.lang.String)[pri:0, instance:com.util.framework.online.TestSyscoExecutor@100fc185]" name="Export_Mail_OG" duration-ms="7009" started-at="2019-11-10T14:59:16Z" data-provider="testData" finished-at="2019-11-10T14:59:23Z">
          <params>
            <param index="0">
              <value>
                <![CDATA[Yes]]>
              </value>
            </param>
            <param index="1">
              <value>
                <![CDATA[Hamiltons_Sysco]]>
              </value>
            </param>
            <param index="2">
              <value>
                <![CDATA[SYSCO - Offline GP]]>
              </value>
            </param>
            <param index="3">
              <value>
                <![CDATA[Hamiltons Catering]]>
              </value>
            </param>
            <param index="4">
              <value>
                <![CDATA[194040139]]>
              </value>
            </param>
            <param index="5">
              <value>
                <![CDATA[password7]]>
              </value>
            </param>
            <param index="6">
              <value>
                <![CDATA[2427733]]>
              </value>
            </param>
            <param index="7">
              <value is-null="true"/>
            </param>
            <param index="8">
              <value>
                <![CDATA[Failed]]>
              </value>
            </param>
            <param index="9">
              <value>
                <![CDATA[Some technical issue ocurred during export]]>
              </value>
            </param>
          </params>
          <reporter-output>
          </reporter-output>
        </test-method> <!-- Export_Mail_OG -->
        <test-method status="PASS" signature="writeExcel()[pri:0, instance:com.util.framework.online.TestSyscoExecutor@100fc185]" name="writeExcel" is-config="true" duration-ms="1039" started-at="2019-11-10T14:59:23Z" finished-at="2019-11-10T14:59:24Z">
          <reporter-output>
          </reporter-output>
        </test-method> <!-- writeExcel -->
        <test-method status="PASS" signature="setUp()[pri:0, instance:com.util.framework.online.TestSyscoExecutor@100fc185]" name="setUp" is-config="true" duration-ms="9937" started-at="2019-11-10T14:59:24Z" finished-at="2019-11-10T14:59:33Z">
          <reporter-output>
          </reporter-output>
        </test-method> <!-- setUp -->
        <test-method status="PASS" signature="Export_Mail_OG(java.lang.String, java.lang.String, java.lang.String, java.lang.String, java.lang.String, java.lang.String, java.lang.String, java.lang.String, java.lang.String, java.lang.String)[pri:0, instance:com.util.framework.online.TestSyscoExecutor@100fc185]" name="Export_Mail_OG" duration-ms="7212" started-at="2019-11-10T14:59:33Z" data-provider="testData" finished-at="2019-11-10T14:59:41Z">
          <params>
            <param index="0">
              <value>
                <![CDATA[Yes]]>
              </value>
            </param>
            <param index="1">
              <value>
                <![CDATA[Henrys_Sysco]]>
              </value>
            </param>
            <param index="2">
              <value>
                <![CDATA[SYSCO - Offline GP]]>
              </value>
            </param>
            <param index="3">
              <value>
                <![CDATA[Henrys Restaurant]]>
              </value>
            </param>
            <param index="4">
              <value>
                <![CDATA[032642822]]>
              </value>
            </param>
            <param index="5">
              <value>
                <![CDATA[henrys123]]>
              </value>
            </param>
            <param index="6">
              <value>
                <![CDATA[2847974]]>
              </value>
            </param>
            <param index="7">
              <value is-null="true"/>
            </param>
            <param index="8">
              <value>
                <![CDATA[Failed]]>
              </value>
            </param>
            <param index="9">
              <value>
                <![CDATA[Some technical issue ocurred during export]]>
              </value>
            </param>
          </params>
          <reporter-output>
          </reporter-output>
        </test-method> <!-- Export_Mail_OG -->
        <test-method status="PASS" signature="writeExcel()[pri:0, instance:com.util.framework.online.TestSyscoExecutor@100fc185]" name="writeExcel" is-config="true" duration-ms="979" started-at="2019-11-10T14:59:41Z" finished-at="2019-11-10T14:59:42Z">
          <reporter-output>
          </reporter-output>
        </test-method> <!-- writeExcel -->
        <test-method status="PASS" signature="setUp()[pri:0, instance:com.util.framework.online.TestSyscoExecutor@100fc185]" name="setUp" is-config="true" duration-ms="9855" started-at="2019-11-10T14:59:42Z" finished-at="2019-11-10T14:59:52Z">
          <reporter-output>
          </reporter-output>
        </test-method> <!-- setUp -->
        <test-method status="PASS" signature="Export_Mail_OG(java.lang.String, java.lang.String, java.lang.String, java.lang.String, java.lang.String, java.lang.String, java.lang.String, java.lang.String, java.lang.String, java.lang.String)[pri:0, instance:com.util.framework.online.TestSyscoExecutor@100fc185]" name="Export_Mail_OG" duration-ms="7536" started-at="2019-11-10T14:59:52Z" data-provider="testData" finished-at="2019-11-10T14:59:59Z">
          <params>
            <param index="0">
              <value>
                <![CDATA[Yes]]>
              </value>
            </param>
            <param index="1">
              <value>
                <![CDATA[HoleInWall_Sysco]]>
              </value>
            </param>
            <param index="2">
              <value>
                <![CDATA[SYSCO - Offline GP - 1]]>
              </value>
            </param>
            <param index="3">
              <value>
                <![CDATA[Hole in the Wall]]>
              </value>
            </param>
            <param index="4">
              <value>
                <![CDATA[016911305]]>
              </value>
            </param>
            <param index="5">
              <value>
                <![CDATA[password1]]>
              </value>
            </param>
            <param index="6">
              <value>
                <![CDATA[3136562]]>
              </value>
            </param>
            <param index="7">
              <value is-null="true"/>
            </param>
            <param index="8">
              <value>
                <![CDATA[Failed]]>
              </value>
            </param>
            <param index="9">
              <value>
                <![CDATA[Some technical issue ocurred during export]]>
              </value>
            </param>
          </params>
          <reporter-output>
          </reporter-output>
        </test-method> <!-- Export_Mail_OG -->
        <test-method status="PASS" signature="writeExcel()[pri:0, instance:com.util.framework.online.TestSyscoExecutor@100fc185]" name="writeExcel" is-config="true" duration-ms="929" started-at="2019-11-10T14:59:59Z" finished-at="2019-11-10T15:00:00Z">
          <reporter-output>
          </reporter-output>
        </test-method> <!-- writeExcel -->
        <test-method status="PASS" signature="setUp()[pri:0, instance:com.util.framework.online.TestSyscoExecutor@100fc185]" name="setUp" is-config="true" duration-ms="9844" started-at="2019-11-10T15:00:00Z" finished-at="2019-11-10T15:00:10Z">
          <reporter-output>
          </reporter-output>
        </test-method> <!-- setUp -->
        <test-method status="PASS" signature="Export_Mail_OG(java.lang.String, java.lang.String, java.lang.String, java.lang.String, java.lang.String, java.lang.String, java.lang.String, java.lang.String, java.lang.String, java.lang.String)[pri:0, instance:com.util.framework.online.TestSyscoExecutor@100fc185]" name="Export_Mail_OG" duration-ms="7654" started-at="2019-11-10T15:00:10Z" data-provider="testData" finished-at="2019-11-10T15:00:17Z">
          <params>
            <param index="0">
              <value>
                <![CDATA[Yes]]>
              </value>
            </param>
            <param index="1">
              <value>
                <![CDATA[House_Sysco]]>
              </value>
            </param>
            <param index="2">
              <value>
                <![CDATA[SYSCO - Offline GP - 1]]>
              </value>
            </param>
            <param index="3">
              <value>
                <![CDATA[House K&B]]>
              </value>
            </param>
            <param index="4">
              <value>
                <![CDATA[016971168]]>
              </value>
            </param>
            <param index="5">
              <value>
                <![CDATA[password123]]>
              </value>
            </param>
            <param index="6">
              <value>
                <![CDATA[3329209]]>
              </value>
            </param>
            <param index="7">
              <value is-null="true"/>
            </param>
            <param index="8">
              <value>
                <![CDATA[Failed]]>
              </value>
            </param>
            <param index="9">
              <value>
                <![CDATA[Some technical issue ocurred during export]]>
              </value>
            </param>
          </params>
          <reporter-output>
          </reporter-output>
        </test-method> <!-- Export_Mail_OG -->
        <test-method status="PASS" signature="writeExcel()[pri:0, instance:com.util.framework.online.TestSyscoExecutor@100fc185]" name="writeExcel" is-config="true" duration-ms="941" started-at="2019-11-10T15:00:17Z" finished-at="2019-11-10T15:00:18Z">
          <reporter-output>
          </reporter-output>
        </test-method> <!-- writeExcel -->
        <test-method status="PASS" signature="setUp()[pri:0, instance:com.util.framework.online.TestSyscoExecutor@100fc185]" name="setUp" is-config="true" duration-ms="9902" started-at="2019-11-10T15:00:18Z" finished-at="2019-11-10T15:00:28Z">
          <reporter-output>
          </reporter-output>
        </test-method> <!-- setUp -->
        <test-method status="PASS" signature="Export_Mail_OG(java.lang.String, java.lang.String, java.lang.String, java.lang.String, java.lang.String, java.lang.String, java.lang.String, java.lang.String, java.lang.String, java.lang.String)[pri:0, instance:com.util.framework.online.TestSyscoExecutor@100fc185]" name="Export_Mail_OG" duration-ms="7795" started-at="2019-11-10T15:00:28Z" data-provider="testData" finished-at="2019-11-10T15:00:36Z">
          <params>
            <param index="0">
              <value>
                <![CDATA[Yes]]>
              </value>
            </param>
            <param index="1">
              <value>
                <![CDATA[Howleys_Sysco]]>
              </value>
            </param>
            <param index="2">
              <value>
                <![CDATA[Sysco]]>
              </value>
            </param>
            <param index="3">
              <value>
                <![CDATA[Howleys Restaurant]]>
              </value>
            </param>
            <param index="4">
              <value>
                <![CDATA[032268763]]>
              </value>
            </param>
            <param index="5">
              <value>
                <![CDATA[welcome8]]>
              </value>
            </param>
            <param index="6">
              <value>
                <![CDATA[1929374]]>
              </value>
            </param>
            <param index="7">
              <value is-null="true"/>
            </param>
            <param index="8">
              <value>
                <![CDATA[Failed]]>
              </value>
            </param>
            <param index="9">
              <value>
                <![CDATA[Some technical issue ocurred during export]]>
              </value>
            </param>
          </params>
          <reporter-output>
          </reporter-output>
        </test-method> <!-- Export_Mail_OG -->
        <test-method status="PASS" signature="writeExcel()[pri:0, instance:com.util.framework.online.TestSyscoExecutor@100fc185]" name="writeExcel" is-config="true" duration-ms="993" started-at="2019-11-10T15:00:36Z" finished-at="2019-11-10T15:00:37Z">
          <reporter-output>
          </reporter-output>
        </test-method> <!-- writeExcel -->
        <test-method status="PASS" signature="setUp()[pri:0, instance:com.util.framework.online.TestSyscoExecutor@100fc185]" name="setUp" is-config="true" duration-ms="9867" started-at="2019-11-10T15:00:37Z" finished-at="2019-11-10T15:00:47Z">
          <reporter-output>
          </reporter-output>
        </test-method> <!-- setUp -->
        <test-method status="PASS" signature="Export_Mail_OG(java.lang.String, java.lang.String, java.lang.String, java.lang.String, java.lang.String, java.lang.String, java.lang.String, java.lang.String, java.lang.String, java.lang.String)[pri:0, instance:com.util.framework.online.TestSyscoExecutor@100fc185]" name="Export_Mail_OG" duration-ms="8380" started-at="2019-11-10T15:00:47Z" data-provider="testData" finished-at="2019-11-10T15:00:55Z">
          <params>
            <param index="0">
              <value>
                <![CDATA[Yes]]>
              </value>
            </param>
            <param index="1">
              <value>
                <![CDATA[Hunters_Sysco]]>
              </value>
            </param>
            <param index="2">
              <value>
                <![CDATA[SYSCO - Offline GP - 1]]>
              </value>
            </param>
            <param index="3">
              <value>
                <![CDATA[Hunters Run]]>
              </value>
            </param>
            <param index="4">
              <value>
                <![CDATA[032317529]]>
              </value>
            </param>
            <param index="5">
              <value>
                <![CDATA[hunter123]]>
              </value>
            </param>
            <param index="6">
              <value>
                <![CDATA[1196957 ]]>
              </value>
            </param>
            <param index="7">
              <value is-null="true"/>
            </param>
            <param index="8">
              <value>
                <![CDATA[Failed]]>
              </value>
            </param>
            <param index="9">
              <value>
                <![CDATA[Some technical issue ocurred during export]]>
              </value>
            </param>
          </params>
          <reporter-output>
          </reporter-output>
        </test-method> <!-- Export_Mail_OG -->
        <test-method status="PASS" signature="writeExcel()[pri:0, instance:com.util.framework.online.TestSyscoExecutor@100fc185]" name="writeExcel" is-config="true" duration-ms="958" started-at="2019-11-10T15:00:55Z" finished-at="2019-11-10T15:00:56Z">
          <reporter-output>
          </reporter-output>
        </test-method> <!-- writeExcel -->
        <test-method status="PASS" signature="setUp()[pri:0, instance:com.util.framework.online.TestSyscoExecutor@100fc185]" name="setUp" is-config="true" duration-ms="9773" started-at="2019-11-10T15:00:56Z" finished-at="2019-11-10T15:01:06Z">
          <reporter-output>
          </reporter-output>
        </test-method> <!-- setUp -->
        <test-method status="PASS" signature="Export_Mail_OG(java.lang.String, java.lang.String, java.lang.String, java.lang.String, java.lang.String, java.lang.String, java.lang.String, java.lang.String, java.lang.String, java.lang.String)[pri:0, instance:com.util.framework.online.TestSyscoExecutor@100fc185]" name="Export_Mail_OG" duration-ms="7457" started-at="2019-11-10T15:01:06Z" data-provider="testData" finished-at="2019-11-10T15:01:14Z">
          <params>
            <param index="0">
              <value>
                <![CDATA[Yes]]>
              </value>
            </param>
            <param index="1">
              <value>
                <![CDATA[KeeGrill_Sysco]]>
              </value>
            </param>
            <param index="2">
              <value>
                <![CDATA[SYSCO - Offline GP - 1]]>
              </value>
            </param>
            <param index="3">
              <value>
                <![CDATA[Kee Grill Restaurant]]>
              </value>
            </param>
            <param index="4">
              <value>
                <![CDATA[032567693]]>
              </value>
            </param>
            <param index="5">
              <value>
                <![CDATA[keegrill1]]>
              </value>
            </param>
            <param index="6">
              <value>
                <![CDATA[2576090]]>
              </value>
            </param>
            <param index="7">
              <value is-null="true"/>
            </param>
            <param index="8">
              <value>
                <![CDATA[Failed]]>
              </value>
            </param>
            <param index="9">
              <value>
                <![CDATA[Some technical issue ocurred during export]]>
              </value>
            </param>
          </params>
          <reporter-output>
          </reporter-output>
        </test-method> <!-- Export_Mail_OG -->
        <test-method status="PASS" signature="writeExcel()[pri:0, instance:com.util.framework.online.TestSyscoExecutor@100fc185]" name="writeExcel" is-config="true" duration-ms="1296" started-at="2019-11-10T15:01:14Z" finished-at="2019-11-10T15:01:15Z">
          <reporter-output>
          </reporter-output>
        </test-method> <!-- writeExcel -->
        <test-method status="PASS" signature="setUp()[pri:0, instance:com.util.framework.online.TestSyscoExecutor@100fc185]" name="setUp" is-config="true" duration-ms="9849" started-at="2019-11-10T15:01:15Z" finished-at="2019-11-10T15:01:25Z">
          <reporter-output>
          </reporter-output>
        </test-method> <!-- setUp -->
        <test-method status="PASS" signature="Export_Mail_OG(java.lang.String, java.lang.String, java.lang.String, java.lang.String, java.lang.String, java.lang.String, java.lang.String, java.lang.String, java.lang.String, java.lang.String)[pri:0, instance:com.util.framework.online.TestSyscoExecutor@100fc185]" name="Export_Mail_OG" duration-ms="7842" started-at="2019-11-10T15:01:25Z" data-provider="testData" finished-at="2019-11-10T15:01:33Z">
          <params>
            <param index="0">
              <value>
                <![CDATA[Yes]]>
              </value>
            </param>
            <param index="1">
              <value>
                <![CDATA[Mizner_Sysco]]>
              </value>
            </param>
            <param index="2">
              <value>
                <![CDATA[SYSCO - Offline GP - 1]]>
              </value>
            </param>
            <param index="3">
              <value>
                <![CDATA[Mizner Country Club]]>
              </value>
            </param>
            <param index="4">
              <value>
                <![CDATA[032437798]]>
              </value>
            </param>
            <param index="5">
              <value>
                <![CDATA[Welcome12]]>
              </value>
            </param>
            <param index="6">
              <value>
                <![CDATA[3266417]]>
              </value>
            </param>
            <param index="7">
              <value is-null="true"/>
            </param>
            <param index="8">
              <value>
                <![CDATA[Failed]]>
              </value>
            </param>
            <param index="9">
              <value>
                <![CDATA[Some technical issue ocurred during export]]>
              </value>
            </param>
          </params>
          <reporter-output>
          </reporter-output>
        </test-method> <!-- Export_Mail_OG -->
        <test-method status="PASS" signature="writeExcel()[pri:0, instance:com.util.framework.online.TestSyscoExecutor@100fc185]" name="writeExcel" is-config="true" duration-ms="1000" started-at="2019-11-10T15:01:33Z" finished-at="2019-11-10T15:01:34Z">
          <reporter-output>
          </reporter-output>
        </test-method> <!-- writeExcel -->
        <test-method status="PASS" signature="setUp()[pri:0, instance:com.util.framework.online.TestSyscoExecutor@100fc185]" name="setUp" is-config="true" duration-ms="9847" started-at="2019-11-10T15:01:34Z" finished-at="2019-11-10T15:01:43Z">
          <reporter-output>
          </reporter-output>
        </test-method> <!-- setUp -->
        <test-method status="PASS" signature="Export_Mail_OG(java.lang.String, java.lang.String, java.lang.String, java.lang.String, java.lang.String, java.lang.String, java.lang.String, java.lang.String, java.lang.String, java.lang.String)[pri:0, instance:com.util.framework.online.TestSyscoExecutor@100fc185]" name="Export_Mail_OG" duration-ms="7193" started-at="2019-11-10T15:01:43Z" data-provider="testData" finished-at="2019-11-10T15:01:51Z">
          <params>
            <param index="0">
              <value>
                <![CDATA[Yes]]>
              </value>
            </param>
            <param index="1">
              <value>
                <![CDATA[Nicks_Sysco]]>
              </value>
            </param>
            <param index="2">
              <value>
                <![CDATA[SYSCO - Offline GP]]>
              </value>
            </param>
            <param index="3">
              <value>
                <![CDATA[Nicks New Haven Style Pizza]]>
              </value>
            </param>
            <param index="4">
              <value>
                <![CDATA[032492959]]>
              </value>
            </param>
            <param index="5">
              <value>
                <![CDATA[password1]]>
              </value>
            </param>
            <param index="6">
              <value>
                <![CDATA[2461502]]>
              </value>
            </param>
            <param index="7">
              <value is-null="true"/>
            </param>
            <param index="8">
              <value>
                <![CDATA[Failed]]>
              </value>
            </param>
            <param index="9">
              <value>
                <![CDATA[Some technical issue ocurred during export]]>
              </value>
            </param>
          </params>
          <reporter-output>
          </reporter-output>
        </test-method> <!-- Export_Mail_OG -->
        <test-method status="PASS" signature="writeExcel()[pri:0, instance:com.util.framework.online.TestSyscoExecutor@100fc185]" name="writeExcel" is-config="true" duration-ms="978" started-at="2019-11-10T15:01:51Z" finished-at="2019-11-10T15:01:52Z">
          <reporter-output>
          </reporter-output>
        </test-method> <!-- writeExcel -->
        <test-method status="PASS" signature="setUp()[pri:0, instance:com.util.framework.online.TestSyscoExecutor@100fc185]" name="setUp" is-config="true" duration-ms="9884" started-at="2019-11-10T15:01:52Z" finished-at="2019-11-10T15:02:01Z">
          <reporter-output>
          </reporter-output>
        </test-method> <!-- setUp -->
        <test-method status="PASS" signature="Export_Mail_OG(java.lang.String, java.lang.String, java.lang.String, java.lang.String, java.lang.String, java.lang.String, java.lang.String, java.lang.String, java.lang.String, java.lang.String)[pri:0, instance:com.util.framework.online.TestSyscoExecutor@100fc185]" name="Export_Mail_OG" duration-ms="7132" started-at="2019-11-10T15:02:01Z" data-provider="testData" finished-at="2019-11-10T15:02:09Z">
          <params>
            <param index="0">
              <value>
                <![CDATA[Yes]]>
              </value>
            </param>
            <param index="1">
              <value>
                <![CDATA[OldKeyLime_Sysco]]>
              </value>
            </param>
            <param index="2">
              <value>
                <![CDATA[SYSCO - Offline GP - 1]]>
              </value>
            </param>
            <param index="3">
              <value>
                <![CDATA[Old Key Lime House]]>
              </value>
            </param>
            <param index="4">
              <value>
                <![CDATA[032081968]]>
              </value>
            </param>
            <param index="5">
              <value>
                <![CDATA[jordan88]]>
              </value>
            </param>
            <param index="6">
              <value>
                <![CDATA[1936732]]>
              </value>
            </param>
            <param index="7">
              <value is-null="true"/>
            </param>
            <param index="8">
              <value>
                <![CDATA[Failed]]>
              </value>
            </param>
            <param index="9">
              <value>
                <![CDATA[Some technical issue ocurred during export]]>
              </value>
            </param>
          </params>
          <reporter-output>
          </reporter-output>
        </test-method> <!-- Export_Mail_OG -->
        <test-method status="PASS" signature="writeExcel()[pri:0, instance:com.util.framework.online.TestSyscoExecutor@100fc185]" name="writeExcel" is-config="true" duration-ms="970" started-at="2019-11-10T15:02:09Z" finished-at="2019-11-10T15:02:10Z">
          <reporter-output>
          </reporter-output>
        </test-method> <!-- writeExcel -->
        <test-method status="PASS" signature="setUp()[pri:0, instance:com.util.framework.online.TestSyscoExecutor@100fc185]" name="setUp" is-config="true" duration-ms="9751" started-at="2019-11-10T15:02:10Z" finished-at="2019-11-10T15:02:19Z">
          <reporter-output>
          </reporter-output>
        </test-method> <!-- setUp -->
        <test-method status="PASS" signature="Export_Mail_OG(java.lang.String, java.lang.String, java.lang.String, java.lang.String, java.lang.String, java.lang.String, java.lang.String, java.lang.String, java.lang.String, java.lang.String)[pri:0, instance:com.util.framework.online.TestSyscoExecutor@100fc185]" name="Export_Mail_OG" duration-ms="8108" started-at="2019-11-10T15:02:19Z" data-provider="testData" finished-at="2019-11-10T15:02:27Z">
          <params>
            <param index="0">
              <value>
                <![CDATA[Yes]]>
              </value>
            </param>
            <param index="1">
              <value>
                <![CDATA[Prime112_Sysco]]>
              </value>
            </param>
            <param index="2">
              <value>
                <![CDATA[SYSCO - Offline GP]]>
              </value>
            </param>
            <param index="3">
              <value>
                <![CDATA[Myles Group]]>
              </value>
            </param>
            <param index="4">
              <value>
                <![CDATA[Angelmarinov]]>
              </value>
            </param>
            <param index="5">
              <value>
                <![CDATA[angel1980]]>
              </value>
            </param>
            <param index="6">
              <value>
                <![CDATA[1757724]]>
              </value>
            </param>
            <param index="7">
              <value>
                <![CDATA[340547]]>
              </value>
            </param>
            <param index="8">
              <value>
                <![CDATA[Failed]]>
              </value>
            </param>
            <param index="9">
              <value>
                <![CDATA[Some technical issue ocurred during export]]>
              </value>
            </param>
          </params>
          <reporter-output>
          </reporter-output>
        </test-method> <!-- Export_Mail_OG -->
        <test-method status="PASS" signature="writeExcel()[pri:0, instance:com.util.framework.online.TestSyscoExecutor@100fc185]" name="writeExcel" is-config="true" duration-ms="990" started-at="2019-11-10T15:02:27Z" finished-at="2019-11-10T15:02:28Z">
          <reporter-output>
          </reporter-output>
        </test-method> <!-- writeExcel -->
        <test-method status="PASS" signature="setUp()[pri:0, instance:com.util.framework.online.TestSyscoExecutor@100fc185]" name="setUp" is-config="true" duration-ms="9802" started-at="2019-11-10T15:02:28Z" finished-at="2019-11-10T15:02:38Z">
          <reporter-output>
          </reporter-output>
        </test-method> <!-- setUp -->
        <test-method status="PASS" signature="Export_Mail_OG(java.lang.String, java.lang.String, java.lang.String, java.lang.String, java.lang.String, java.lang.String, java.lang.String, java.lang.String, java.lang.String, java.lang.String)[pri:0, instance:com.util.framework.online.TestSyscoExecutor@100fc185]" name="Export_Mail_OG" duration-ms="8059" started-at="2019-11-10T15:02:38Z" data-provider="testData" finished-at="2019-11-10T15:02:46Z">
          <params>
            <param index="0">
              <value>
                <![CDATA[Yes]]>
              </value>
            </param>
            <param index="1">
              <value>
                <![CDATA[DuffysSteak_Sysco]]>
              </value>
            </param>
            <param index="2">
              <value>
                <![CDATA[Sysco]]>
              </value>
            </param>
            <param index="3">
              <value>
                <![CDATA[Duffy's Steak and Lobster]]>
              </value>
            </param>
            <param index="4">
              <value>
                <![CDATA[016818211]]>
              </value>
            </param>
            <param index="5">
              <value>
                <![CDATA[password1]]>
              </value>
            </param>
            <param index="6">
              <value>
                <![CDATA[3285081]]>
              </value>
            </param>
            <param index="7">
              <value is-null="true"/>
            </param>
            <param index="8">
              <value>
                <![CDATA[Failed]]>
              </value>
            </param>
            <param index="9">
              <value>
                <![CDATA[Some technical issue ocurred during export]]>
              </value>
            </param>
          </params>
          <reporter-output>
          </reporter-output>
        </test-method> <!-- Export_Mail_OG -->
        <test-method status="PASS" signature="writeExcel()[pri:0, instance:com.util.framework.online.TestSyscoExecutor@100fc185]" name="writeExcel" is-config="true" duration-ms="1017" started-at="2019-11-10T15:02:46Z" finished-at="2019-11-10T15:02:47Z">
          <reporter-output>
          </reporter-output>
        </test-method> <!-- writeExcel -->
        <test-method status="PASS" signature="setUp()[pri:0, instance:com.util.framework.online.TestSyscoExecutor@100fc185]" name="setUp" is-config="true" duration-ms="9755" started-at="2019-11-10T15:02:47Z" finished-at="2019-11-10T15:02:57Z">
          <reporter-output>
          </reporter-output>
        </test-method> <!-- setUp -->
        <test-method status="PASS" signature="Export_Mail_OG(java.lang.String, java.lang.String, java.lang.String, java.lang.String, java.lang.String, java.lang.String, java.lang.String, java.lang.String, java.lang.String, java.lang.String)[pri:0, instance:com.util.framework.online.TestSyscoExecutor@100fc185]" name="Export_Mail_OG" duration-ms="8512" started-at="2019-11-10T15:02:57Z" data-provider="testData" finished-at="2019-11-10T15:03:06Z">
          <params>
            <param index="0">
              <value>
                <![CDATA[Yes]]>
              </value>
            </param>
            <param index="1">
              <value>
                <![CDATA[Abbondanza_Sysco]]>
              </value>
            </param>
            <param index="2">
              <value>
                <![CDATA[Sysco]]>
              </value>
            </param>
            <param index="3">
              <value>
                <![CDATA[Abbondanza]]>
              </value>
            </param>
            <param index="4">
              <value>
                <![CDATA[016261115]]>
              </value>
            </param>
            <param index="5">
              <value>
                <![CDATA[password1]]>
              </value>
            </param>
            <param index="6">
              <value>
                <![CDATA[3286455]]>
              </value>
            </param>
            <param index="7">
              <value is-null="true"/>
            </param>
            <param index="8">
              <value>
                <![CDATA[Failed]]>
              </value>
            </param>
            <param index="9">
              <value>
                <![CDATA[Some technical issue ocurred during export]]>
              </value>
            </param>
          </params>
          <reporter-output>
          </reporter-output>
        </test-method> <!-- Export_Mail_OG -->
        <test-method status="PASS" signature="writeExcel()[pri:0, instance:com.util.framework.online.TestSyscoExecutor@100fc185]" name="writeExcel" is-config="true" duration-ms="1573" started-at="2019-11-10T15:03:06Z" finished-at="2019-11-10T15:03:07Z">
          <reporter-output>
          </reporter-output>
        </test-method> <!-- writeExcel -->
        <test-method status="PASS" signature="setUp()[pri:0, instance:com.util.framework.online.TestSyscoExecutor@100fc185]" name="setUp" is-config="true" duration-ms="9775" started-at="2019-11-10T15:03:07Z" finished-at="2019-11-10T15:03:17Z">
          <reporter-output>
          </reporter-output>
        </test-method> <!-- setUp -->
        <test-method status="PASS" signature="Export_Mail_OG(java.lang.String, java.lang.String, java.lang.String, java.lang.String, java.lang.String, java.lang.String, java.lang.String, java.lang.String, java.lang.String, java.lang.String)[pri:0, instance:com.util.framework.online.TestSyscoExecutor@100fc185]" name="Export_Mail_OG" duration-ms="7747" started-at="2019-11-10T15:03:17Z" data-provider="testData" finished-at="2019-11-10T15:03:25Z">
          <params>
            <param index="0">
              <value>
                <![CDATA[Yes]]>
              </value>
            </param>
            <param index="1">
              <value>
                <![CDATA[Derby_Sysco]]>
              </value>
            </param>
            <param index="2">
              <value>
                <![CDATA[Sysco]]>
              </value>
            </param>
            <param index="3">
              <value>
                <![CDATA[Derby Lane]]>
              </value>
            </param>
            <param index="4">
              <value>
                <![CDATA[037677179]]>
              </value>
            </param>
            <param index="5">
              <value>
                <![CDATA[sysco1]]>
              </value>
            </param>
            <param index="6">
              <value>
                <![CDATA[165948]]>
              </value>
            </param>
            <param index="7">
              <value is-null="true"/>
            </param>
            <param index="8">
              <value>
                <![CDATA[Failed]]>
              </value>
            </param>
            <param index="9">
              <value>
                <![CDATA[Some technical issue ocurred during export]]>
              </value>
            </param>
          </params>
          <reporter-output>
          </reporter-output>
        </test-method> <!-- Export_Mail_OG -->
        <test-method status="PASS" signature="writeExcel()[pri:0, instance:com.util.framework.online.TestSyscoExecutor@100fc185]" name="writeExcel" is-config="true" duration-ms="957" started-at="2019-11-10T15:03:25Z" finished-at="2019-11-10T15:03:26Z">
          <reporter-output>
          </reporter-output>
        </test-method> <!-- writeExcel -->
        <test-method status="PASS" signature="setUp()[pri:0, instance:com.util.framework.online.TestSyscoExecutor@100fc185]" name="setUp" is-config="true" duration-ms="9860" started-at="2019-11-10T15:03:26Z" finished-at="2019-11-10T15:03:35Z">
          <reporter-output>
          </reporter-output>
        </test-method> <!-- setUp -->
        <test-method status="PASS" signature="Export_Mail_OG(java.lang.String, java.lang.String, java.lang.String, java.lang.String, java.lang.String, java.lang.String, java.lang.String, java.lang.String, java.lang.String, java.lang.String)[pri:0, instance:com.util.framework.online.TestSyscoExecutor@100fc185]" name="Export_Mail_OG" duration-ms="7593" started-at="2019-11-10T15:03:35Z" data-provider="testData" finished-at="2019-11-10T15:03:43Z">
          <params>
            <param index="0">
              <value>
                <![CDATA[Yes]]>
              </value>
            </param>
            <param index="1">
              <value>
                <![CDATA[GregNorman_Sysco]]>
              </value>
            </param>
            <param index="2">
              <value>
                <![CDATA[SYSCO - Offline GP]]>
              </value>
            </param>
            <param index="3">
              <value>
                <![CDATA[Greg Norman Australian Grille]]>
              </value>
            </param>
            <param index="4">
              <value>
                <![CDATA[137187112]]>
              </value>
            </param>
            <param index="5">
              <value>
                <![CDATA[gregnormans1]]>
              </value>
            </param>
            <param index="6">
              <value>
                <![CDATA[2962265]]>
              </value>
            </param>
            <param index="7">
              <value is-null="true"/>
            </param>
            <param index="8">
              <value>
                <![CDATA[Failed]]>
              </value>
            </param>
            <param index="9">
              <value>
                <![CDATA[Some technical issue ocurred during export]]>
              </value>
            </param>
          </params>
          <reporter-output>
          </reporter-output>
        </test-method> <!-- Export_Mail_OG -->
        <test-method status="PASS" signature="writeExcel()[pri:0, instance:com.util.framework.online.TestSyscoExecutor@100fc185]" name="writeExcel" is-config="true" duration-ms="948" started-at="2019-11-10T15:03:43Z" finished-at="2019-11-10T15:03:44Z">
          <reporter-output>
          </reporter-output>
        </test-method> <!-- writeExcel -->
        <test-method status="PASS" signature="setUp()[pri:0, instance:com.util.framework.online.TestSyscoExecutor@100fc185]" name="setUp" is-config="true" duration-ms="9724" started-at="2019-11-10T15:03:44Z" finished-at="2019-11-10T15:03:54Z">
          <reporter-output>
          </reporter-output>
        </test-method> <!-- setUp -->
        <test-method status="PASS" signature="Export_Mail_OG(java.lang.String, java.lang.String, java.lang.String, java.lang.String, java.lang.String, java.lang.String, java.lang.String, java.lang.String, java.lang.String, java.lang.String)[pri:0, instance:com.util.framework.online.TestSyscoExecutor@100fc185]" name="Export_Mail_OG" duration-ms="9102" started-at="2019-11-10T15:03:54Z" data-provider="testData" finished-at="2019-11-10T15:04:03Z">
          <params>
            <param index="0">
              <value>
                <![CDATA[Yes]]>
              </value>
            </param>
            <param index="1">
              <value>
                <![CDATA[Tropical_Sysco]]>
              </value>
            </param>
            <param index="2">
              <value>
                <![CDATA[SYSCO - Offline GP]]>
              </value>
            </param>
            <param index="3">
              <value>
                <![CDATA[Tropical Acres Steakhouse]]>
              </value>
            </param>
            <param index="4">
              <value>
                <![CDATA[016294223]]>
              </value>
            </param>
            <param index="5">
              <value>
                <![CDATA[steaks49]]>
              </value>
            </param>
            <param index="6">
              <value>
                <![CDATA[3005850]]>
              </value>
            </param>
            <param index="7">
              <value is-null="true"/>
            </param>
            <param index="8">
              <value>
                <![CDATA[Failed]]>
              </value>
            </param>
            <param index="9">
              <value>
                <![CDATA[Some technical issue ocurred during export]]>
              </value>
            </param>
          </params>
          <reporter-output>
          </reporter-output>
        </test-method> <!-- Export_Mail_OG -->
        <test-method status="PASS" signature="writeExcel()[pri:0, instance:com.util.framework.online.TestSyscoExecutor@100fc185]" name="writeExcel" is-config="true" duration-ms="981" started-at="2019-11-10T15:04:03Z" finished-at="2019-11-10T15:04:04Z">
          <reporter-output>
          </reporter-output>
        </test-method> <!-- writeExcel -->
        <test-method status="PASS" signature="setUp()[pri:0, instance:com.util.framework.online.TestSyscoExecutor@100fc185]" name="setUp" is-config="true" duration-ms="9891" started-at="2019-11-10T15:04:04Z" finished-at="2019-11-10T15:04:14Z">
          <reporter-output>
          </reporter-output>
        </test-method> <!-- setUp -->
        <test-method status="PASS" signature="Export_Mail_OG(java.lang.String, java.lang.String, java.lang.String, java.lang.String, java.lang.String, java.lang.String, java.lang.String, java.lang.String, java.lang.String, java.lang.String)[pri:0, instance:com.util.framework.online.TestSyscoExecutor@100fc185]" name="Export_Mail_OG" duration-ms="8307" started-at="2019-11-10T15:04:14Z" data-provider="testData" finished-at="2019-11-10T15:04:22Z">
          <params>
            <param index="0">
              <value>
                <![CDATA[Yes]]>
              </value>
            </param>
            <param index="1">
              <value>
                <![CDATA[Bozeman_Sysco]]>
              </value>
            </param>
            <param index="2">
              <value>
                <![CDATA[Sysco]]>
              </value>
            </param>
            <param index="3">
              <value>
                <![CDATA[Blue Collar JH - Sidewinders Bozeman]]>
              </value>
            </param>
            <param index="4">
              <value>
                <![CDATA[043725556]]>
              </value>
            </param>
            <param index="5">
              <value>
                <![CDATA[Santaclara4]]>
              </value>
            </param>
            <param index="6">
              <value>
                <![CDATA[3052023]]>
              </value>
            </param>
            <param index="7">
              <value is-null="true"/>
            </param>
            <param index="8">
              <value>
                <![CDATA[Failed]]>
              </value>
            </param>
            <param index="9">
              <value>
                <![CDATA[Some technical issue ocurred during export]]>
              </value>
            </param>
          </params>
          <reporter-output>
          </reporter-output>
        </test-method> <!-- Export_Mail_OG -->
        <test-method status="PASS" signature="writeExcel()[pri:0, instance:com.util.framework.online.TestSyscoExecutor@100fc185]" name="writeExcel" is-config="true" duration-ms="1386" started-at="2019-11-10T15:04:22Z" finished-at="2019-11-10T15:04:23Z">
          <reporter-output>
          </reporter-output>
        </test-method> <!-- writeExcel -->
        <test-method status="PASS" signature="setUp()[pri:0, instance:com.util.framework.online.TestSyscoExecutor@100fc185]" name="setUp" is-config="true" duration-ms="9863" started-at="2019-11-10T15:04:23Z" finished-at="2019-11-10T15:04:33Z">
          <reporter-output>
          </reporter-output>
        </test-method> <!-- setUp -->
        <test-method status="PASS" signature="Export_Mail_OG(java.lang.String, java.lang.String, java.lang.String, java.lang.String, java.lang.String, java.lang.String, java.lang.String, java.lang.String, java.lang.String, java.lang.String)[pri:0, instance:com.util.framework.online.TestSyscoExecutor@100fc185]" name="Export_Mail_OG" duration-ms="8250" started-at="2019-11-10T15:04:33Z" data-provider="testData" finished-at="2019-11-10T15:04:42Z">
          <params>
            <param index="0">
              <value>
                <![CDATA[Yes]]>
              </value>
            </param>
            <param index="1">
              <value>
                <![CDATA[Foxtrot_Sysco]]>
              </value>
            </param>
            <param index="2">
              <value>
                <![CDATA[Sysco]]>
              </value>
            </param>
            <param index="3">
              <value>
                <![CDATA[Blue Collar JH - Foxtrot]]>
              </value>
            </param>
            <param index="4">
              <value>
                <![CDATA[043737800]]>
              </value>
            </param>
            <param index="5">
              <value>
                <![CDATA[Tangle1sysco]]>
              </value>
            </param>
            <param index="6">
              <value>
                <![CDATA[3173817]]>
              </value>
            </param>
            <param index="7">
              <value is-null="true"/>
            </param>
            <param index="8">
              <value>
                <![CDATA[Failed]]>
              </value>
            </param>
            <param index="9">
              <value>
                <![CDATA[Some technical issue ocurred during export]]>
              </value>
            </param>
          </params>
          <reporter-output>
          </reporter-output>
        </test-method> <!-- Export_Mail_OG -->
        <test-method status="PASS" signature="writeExcel()[pri:0, instance:com.util.framework.online.TestSyscoExecutor@100fc185]" name="writeExcel" is-config="true" duration-ms="1275" started-at="2019-11-10T15:04:42Z" finished-at="2019-11-10T15:04:43Z">
          <reporter-output>
          </reporter-output>
        </test-method> <!-- writeExcel -->
        <test-method status="PASS" signature="setUp()[pri:0, instance:com.util.framework.online.TestSyscoExecutor@100fc185]" name="setUp" is-config="true" duration-ms="9744" started-at="2019-11-10T15:04:43Z" finished-at="2019-11-10T15:04:53Z">
          <reporter-output>
          </reporter-output>
        </test-method> <!-- setUp -->
        <test-method status="PASS" signature="Export_Mail_OG(java.lang.String, java.lang.String, java.lang.String, java.lang.String, java.lang.String, java.lang.String, java.lang.String, java.lang.String, java.lang.String, java.lang.String)[pri:0, instance:com.util.framework.online.TestSyscoExecutor@100fc185]" name="Export_Mail_OG" duration-ms="7619" started-at="2019-11-10T15:04:53Z" data-provider="testData" finished-at="2019-11-10T15:05:00Z">
          <params>
            <param index="0">
              <value>
                <![CDATA[Yes]]>
              </value>
            </param>
            <param index="1">
              <value>
                <![CDATA[SidewinderJacson_Sysco]]>
              </value>
            </param>
            <param index="2">
              <value>
                <![CDATA[Sysco]]>
              </value>
            </param>
            <param index="3">
              <value>
                <![CDATA[Sidewinders American Grille Jackson]]>
              </value>
            </param>
            <param index="4">
              <value>
                <![CDATA[davidhurley]]>
              </value>
            </param>
            <param index="5">
              <value>
                <![CDATA[rocky123]]>
              </value>
            </param>
            <param index="6">
              <value>
                <![CDATA[1851209]]>
              </value>
            </param>
            <param index="7">
              <value>
                <![CDATA[008177]]>
              </value>
            </param>
            <param index="8">
              <value>
                <![CDATA[Failed]]>
              </value>
            </param>
            <param index="9">
              <value>
                <![CDATA[Some technical issue ocurred during export]]>
              </value>
            </param>
          </params>
          <reporter-output>
          </reporter-output>
        </test-method> <!-- Export_Mail_OG -->
        <test-method status="PASS" signature="writeExcel()[pri:0, instance:com.util.framework.online.TestSyscoExecutor@100fc185]" name="writeExcel" is-config="true" duration-ms="1378" started-at="2019-11-10T15:05:00Z" finished-at="2019-11-10T15:05:02Z">
          <reporter-output>
          </reporter-output>
        </test-method> <!-- writeExcel -->
        <test-method status="PASS" signature="setUp()[pri:0, instance:com.util.framework.online.TestSyscoExecutor@100fc185]" name="setUp" is-config="true" duration-ms="9855" started-at="2019-11-10T15:05:02Z" finished-at="2019-11-10T15:05:11Z">
          <reporter-output>
          </reporter-output>
        </test-method> <!-- setUp -->
        <test-method status="PASS" signature="Export_Mail_OG(java.lang.String, java.lang.String, java.lang.String, java.lang.String, java.lang.String, java.lang.String, java.lang.String, java.lang.String, java.lang.String, java.lang.String)[pri:0, instance:com.util.framework.online.TestSyscoExecutor@100fc185]" name="Export_Mail_OG" duration-ms="8557" started-at="2019-11-10T15:05:11Z" data-provider="testData" finished-at="2019-11-10T15:05:20Z">
          <params>
            <param index="0">
              <value>
                <![CDATA[Yes]]>
              </value>
            </param>
            <param index="1">
              <value>
                <![CDATA[MuddyWater_Sysco]]>
              </value>
            </param>
            <param index="2">
              <value>
                <![CDATA[SYSCO - Offline GP]]>
              </value>
            </param>
            <param index="3">
              <value>
                <![CDATA[Muddy Waters]]>
              </value>
            </param>
            <param index="4">
              <value>
                <![CDATA[032645651]]>
              </value>
            </param>
            <param index="5">
              <value>
                <![CDATA[Muddy123]]>
              </value>
            </param>
            <param index="6">
              <value>
                <![CDATA[3403339]]>
              </value>
            </param>
            <param index="7">
              <value is-null="true"/>
            </param>
            <param index="8">
              <value>
                <![CDATA[Failed]]>
              </value>
            </param>
            <param index="9">
              <value>
                <![CDATA[Some technical issue ocurred during export]]>
              </value>
            </param>
          </params>
          <reporter-output>
          </reporter-output>
        </test-method> <!-- Export_Mail_OG -->
        <test-method status="PASS" signature="writeExcel()[pri:0, instance:com.util.framework.online.TestSyscoExecutor@100fc185]" name="writeExcel" is-config="true" duration-ms="951" started-at="2019-11-10T15:05:20Z" finished-at="2019-11-10T15:05:21Z">
          <reporter-output>
          </reporter-output>
        </test-method> <!-- writeExcel -->
        <test-method status="PASS" signature="setUp()[pri:0, instance:com.util.framework.online.TestSyscoExecutor@100fc185]" name="setUp" is-config="true" duration-ms="9862" started-at="2019-11-10T15:05:21Z" finished-at="2019-11-10T15:05:31Z">
          <reporter-output>
          </reporter-output>
        </test-method> <!-- setUp -->
        <test-method status="PASS" signature="Export_Mail_OG(java.lang.String, java.lang.String, java.lang.String, java.lang.String, java.lang.String, java.lang.String, java.lang.String, java.lang.String, java.lang.String, java.lang.String)[pri:0, instance:com.util.framework.online.TestSyscoExecutor@100fc185]" name="Export_Mail_OG" duration-ms="990241" started-at="2019-11-10T15:05:31Z" data-provider="testData" finished-at="2019-11-10T15:22:01Z">
          <params>
            <param index="0">
              <value>
                <![CDATA[Yes]]>
              </value>
            </param>
            <param index="1">
              <value>
                <![CDATA[Bubbas_Sysco]]>
              </value>
            </param>
            <param index="2">
              <value>
                <![CDATA[Sysco]]>
              </value>
            </param>
            <param index="3">
              <value>
                <![CDATA[Bubba's BBQ]]>
              </value>
            </param>
            <param index="4">
              <value>
                <![CDATA[davidhurley]]>
              </value>
            </param>
            <param index="5">
              <value>
                <![CDATA[rocky123]]>
              </value>
            </param>
            <param index="6">
              <value>
                <![CDATA[1859425]]>
              </value>
            </param>
            <param index="7">
              <value>
                <![CDATA[008102]]>
              </value>
            </param>
            <param index="8">
              <value>
                <![CDATA[Failed]]>
              </value>
            </param>
            <param index="9">
              <value>
                <![CDATA[Some technical issue ocurred during export]]>
              </value>
            </param>
          </params>
          <reporter-output>
          </reporter-output>
        </test-method> <!-- Export_Mail_OG -->
        <test-method status="PASS" signature="writeExcel()[pri:0, instance:com.util.framework.online.TestSyscoExecutor@100fc185]" name="writeExcel" is-config="true" duration-ms="793" started-at="2019-11-10T15:22:01Z" finished-at="2019-11-10T15:22:02Z">
          <reporter-output>
          </reporter-output>
        </test-method> <!-- writeExcel -->
        <test-method status="PASS" signature="sendMail()[pri:0, instance:com.util.framework.online.TestSyscoExecutor@100fc185]" name="sendMail" is-config="true" duration-ms="99" started-at="2019-11-10T15:22:02Z" finished-at="2019-11-10T15:22:02Z">
          <reporter-output>
          </reporter-output>
        </test-method> <!-- sendMail -->
        <test-method status="PASS" signature="closeResources()[pri:0, instance:com.util.framework.online.TestSyscoExecutor@100fc185]" name="closeResources" is-config="true" duration-ms="4" started-at="2019-11-10T15:22:02Z" finished-at="2019-11-10T15:22:02Z">
          <reporter-output>
          </reporter-output>
        </test-method> <!-- closeResources -->
        <test-method status="PASS" signature="sendMailAndclose()[pri:0, instance:com.util.framework.online.TestSyscoExecutor@100fc185]" name="sendMailAndclose" is-config="true" duration-ms="332" started-at="2019-11-10T15:22:02Z" finished-at="2019-11-10T15:22:02Z">
          <reporter-output>
          </reporter-output>
        </test-method> <!-- sendMailAndclose -->
      </class> <!-- com.util.framework.online.TestSyscoExecutor -->
    </test> <!-- SyscoTest -->
  </suite> <!-- masterSyscoSuite -->
</testng-results>
